2024-08-14 23:40:10,794 DEBUG [main] WebEventListener:21 - Navigated to:'https://www.thesonyshop.ca/'
2024-08-14 23:40:18,970 DEBUG [main] WebEventListener:21 - Navigated to:'https://www.thesonyshop.ca/'
2024-08-14 23:40:26,409 DEBUG [main] WebEventListener:21 - Navigated to:'https://www.thesonyshop.ca/'
2024-08-14 23:40:28,927 DEBUG [main] WebEventListener:31 - About to call a method public abstract void org.openqa.selenium.WebElement.sendKeys(java.lang.CharSequence[]) in element [[FirefoxDriver: firefox on windows (db8dddb7-1b34-4717-8666-5b48cd7f23dc)] -> id: boost-sd__search-widget-init-input-0] with parameters [Ljava.lang.Object;@16ac5d35
2024-08-14 23:40:29,172 DEBUG [main] WebEventListener:39 - Method public abstract void org.openqa.selenium.WebElement.sendKeys(java.lang.CharSequence[]) called in element [[FirefoxDriver: firefox on windows (db8dddb7-1b34-4717-8666-5b48cd7f23dc)] -> id: boost-sd__search-widget-init-input-0] with parameters [Ljava.lang.Object;@16ac5d35 returned null
2024-08-14 23:40:35,373 DEBUG [main] WebEventListener:21 - Navigated to:'https://www.thesonyshop.ca/'
2024-08-14 23:40:43,032 DEBUG [main] WebEventListener:21 - Navigated to:'https://www.thesonyshop.ca/'
2024-08-14 23:40:50,458 DEBUG [main] WebEventListener:21 - Navigated to:'https://www.thesonyshop.ca/'
2024-08-14 23:40:53,069 DEBUG [main] WebEventListener:31 - About to call a method public abstract java.lang.String org.openqa.selenium.WebElement.getText() in element [[FirefoxDriver: firefox on windows (40cb0b43-828b-4187-88b5-021d94c46306)] -> xpath: (//div[@id='shopify-section-static-announcement'])[1]] with parameters null
2024-08-14 23:40:53,194 DEBUG [main] WebEventListener:26 - Element [[FirefoxDriver: firefox on windows (40cb0b43-828b-4187-88b5-021d94c46306)] -> xpath: (//div[@id='shopify-section-static-announcement'])[1]] has text 'Free shipping available on orders over $100, including TV's!'
2024-08-14 23:40:53,196 DEBUG [main] WebEventListener:39 - Method public abstract java.lang.String org.openqa.selenium.WebElement.getText() called in element [[FirefoxDriver: firefox on windows (40cb0b43-828b-4187-88b5-021d94c46306)] -> xpath: (//div[@id='shopify-section-static-announcement'])[1]] with parameters null returned Free shipping available on orders over $100, including TV's!
2024-08-14 23:40:57,795 DEBUG [main] WebEventListener:21 - Navigated to:'https://www.thesonyshop.ca/'
2024-08-14 23:41:03,175 DEBUG [main] WebEventListener:31 - About to call a method public abstract void org.openqa.selenium.WebElement.click() in element [[FirefoxDriver: firefox on windows (e29da5f2-f0da-49b1-88fd-e9a960f742c4)] -> class name: site-header-account-link] with parameters null
2024-08-14 23:41:05,403 DEBUG [main] WebEventListener:39 - Method public abstract void org.openqa.selenium.WebElement.click() called in element [[FirefoxDriver: firefox on windows (e29da5f2-f0da-49b1-88fd-e9a960f742c4)] -> class name: site-header-account-link] with parameters null returned null
2024-08-14 23:41:09,933 DEBUG [main] WebEventListener:21 - Navigated to:'https://www.thesonyshop.ca/'
2024-08-14 23:41:14,990 DEBUG [main] WebEventListener:31 - About to call a method public abstract void org.openqa.selenium.WebElement.click() in element [[FirefoxDriver: firefox on windows (609781e9-c269-4f30-95e6-e19e3de626b3)] -> class name: site-header-account-link] with parameters null
2024-08-14 23:41:17,609 DEBUG [main] WebEventListener:39 - Method public abstract void org.openqa.selenium.WebElement.click() called in element [[FirefoxDriver: firefox on windows (609781e9-c269-4f30-95e6-e19e3de626b3)] -> class name: site-header-account-link] with parameters null returned null
2024-08-14 23:41:19,653 DEBUG [main] WebEventListener:31 - About to call a method public abstract void org.openqa.selenium.WebElement.sendKeys(java.lang.CharSequence[]) in element [[FirefoxDriver: firefox on windows (609781e9-c269-4f30-95e6-e19e3de626b3)] -> id: customer_email] with parameters [Ljava.lang.Object;@3fdcde7a
2024-08-14 23:41:19,717 DEBUG [main] WebEventListener:39 - Method public abstract void org.openqa.selenium.WebElement.sendKeys(java.lang.CharSequence[]) called in element [[FirefoxDriver: firefox on windows (609781e9-c269-4f30-95e6-e19e3de626b3)] -> id: customer_email] with parameters [Ljava.lang.Object;@3fdcde7a returned null
2024-08-14 23:41:19,728 DEBUG [main] WebEventListener:31 - About to call a method public abstract void org.openqa.selenium.WebElement.sendKeys(java.lang.CharSequence[]) in element [[FirefoxDriver: firefox on windows (609781e9-c269-4f30-95e6-e19e3de626b3)] -> id: customer_password] with parameters [Ljava.lang.Object;@415795f3
2024-08-14 23:41:19,761 DEBUG [main] WebEventListener:39 - Method public abstract void org.openqa.selenium.WebElement.sendKeys(java.lang.CharSequence[]) called in element [[FirefoxDriver: firefox on windows (609781e9-c269-4f30-95e6-e19e3de626b3)] -> id: customer_password] with parameters [Ljava.lang.Object;@415795f3 returned null
2024-08-14 23:41:21,792 DEBUG [main] WebEventListener:31 - About to call a method public abstract void org.openqa.selenium.WebElement.click() in element [[FirefoxDriver: firefox on windows (609781e9-c269-4f30-95e6-e19e3de626b3)] -> xpath: //button[contains(text(),'Sign in')]] with parameters null
2024-08-14 23:41:22,082 DEBUG [main] WebEventListener:39 - Method public abstract void org.openqa.selenium.WebElement.click() called in element [[FirefoxDriver: firefox on windows (609781e9-c269-4f30-95e6-e19e3de626b3)] -> xpath: //button[contains(text(),'Sign in')]] with parameters null returned null
2024-08-14 23:41:44,112 DEBUG [main] WebEventListener:46 - Exception occured: java.lang.reflect.InvocationTargetException
2024-08-14 23:41:45,379 DEBUG [main] cache:45 - Couldn't find template in cache for "Extent.ftl"("en_US", UTF-8, parsed); will try to load it.
2024-08-14 23:41:45,380 DEBUG [main] cache:45 - TemplateLoader.findTemplateSource("Extent_en_US.ftl"): Not found
2024-08-14 23:41:45,382 DEBUG [main] cache:45 - TemplateLoader.findTemplateSource("Extent_en.ftl"): Not found
2024-08-14 23:41:45,383 DEBUG [main] cache:45 - TemplateLoader.findTemplateSource("Extent.ftl"): Found
2024-08-14 23:41:45,384 DEBUG [main] cache:45 - Loading template for "Extent.ftl"("en_US", UTF-8, parsed) from "jar:file:/C:/Users/kshat/.m2/repository/com/relevantcodes/extentreports/2.41.2/extentreports-2.41.2.jar!/com/relevantcodes/extentreports/view/Extent.ftl"
2024-08-14 23:41:45,574 DEBUG [main] cache:45 - Couldn't find template in cache for "Extent.ftl"("en_US", UTF-8, parsed); will try to load it.
2024-08-14 23:41:45,575 DEBUG [main] cache:45 - TemplateLoader.findTemplateSource("Extent_en_US.ftl"): Not found
2024-08-14 23:41:45,575 DEBUG [main] cache:45 - TemplateLoader.findTemplateSource("Extent_en.ftl"): Not found
2024-08-14 23:41:45,576 DEBUG [main] cache:45 - TemplateLoader.findTemplateSource("Extent.ftl"): Found
2024-08-14 23:41:45,576 DEBUG [main] cache:45 - Loading template for "Extent.ftl"("en_US", UTF-8, parsed) from "jar:file:/C:/Users/kshat/.m2/repository/com/relevantcodes/extentreports/2.41.2/extentreports-2.41.2.jar!/com/relevantcodes/extentreports/view/Extent.ftl"
